1621990903178:help
1621990905435:exit
1621991224263:echo -N shubha
1621991592775:exit
1621992323749:echo --name shubham
1621992508321:exit
1621992542971:echo
1621992555886:echo --name shubham
1621992566192:echo -N shubham
1621994580339:exit
1621994594627:help
1621994605157:create-user shubham
1621995339713:create-user admin
1621995898310:exit
1621996322513:create-user shubham
1621996375434:create-user --username shubham
1621996470184:exit
1621996746612:create-user -U shubham
1621997121325:exit
1621997131679:create-user -U shubham
1621997136083:shubham sharma
1621998313104:exit
1621998323704:create-user -U shubham
1621998328712:shubham sharma
1621998337116:DDD
1621998338463:D
1621998341982:N
1621998447322:create-user -U shubham
1621998450194:sad
1621998455133:D
1621998457261:N
1621998745553:exit
